<?xml version="1.0" encoding="UTF-8"?>
<!-- Generated by org.testng.reporters.JUnitReportReporter -->
<testsuite hostname="MININT-7U4V23F" name="tests.CreateSurveyTest" tests="1" failures="0" timestamp="29 Aug 2018 09:21:23 GMT" time="71.675" errors="0">
  <testcase name="testCase_01" time="71.675" classname="tests.CreateSurveyTest"/>
</testsuite> <!-- tests.CreateSurveyTest -->
