<?xml version="1.0" encoding="UTF-8"?>
<!-- Generated by org.testng.reporters.JUnitReportReporter -->
<testsuite hostname="MININT-7U4V23F" name="MarketPlace_Tests.MarketplaceProductsTest" tests="1" failures="0" timestamp="1 Nov 2018 10:05:03 GMT" time="71.592" errors="0">
  <testcase name="testCase_71" time="71.592" classname="MarketPlace_Tests.MarketplaceProductsTest"/>
</testsuite> <!-- MarketPlace_Tests.MarketplaceProductsTest -->
