<?xml version="1.0" encoding="UTF-8"?>
<!-- Generated by org.testng.reporters.JUnitReportReporter -->
<testsuite hostname="MININT-7U4V23F" name="AffiliatePage.AffiliateTestcases" tests="1" failures="0" timestamp="21 Dec 2019 10:21:52 GMT" time="117.679" errors="0">
  <testcase name="TestCase101_Affiliate_Event_Amount__Percentage_facebbok_Save" time="117.679" classname="AffiliatePage.AffiliateTestcases"/>
</testsuite> <!-- AffiliatePage.AffiliateTestcases -->
