<?xml version="1.0" encoding="UTF-8"?>
<!-- Generated by org.testng.reporters.JUnitReportReporter -->
<testsuite hostname="MININT-7U4V23F" name="EventPage_Tests.EventListTest" tests="1" failures="0" timestamp="3 Sep 2018 09:18:16 GMT" time="43.860" errors="0">
  <testcase name="testCase_01" time="43.860" classname="EventPage_Tests.EventListTest"/>
</testsuite> <!-- EventPage_Tests.EventListTest -->
