<?xml version="1.0" encoding="UTF-8"?>
<!-- Generated by org.testng.reporters.JUnitReportReporter -->
<testsuite hostname="MININT-7U4V23F" name="EmailMarketingPage_Tests.EmailMarketingTest" tests="1" failures="0" timestamp="29 Sep 2018 11:31:48 GMT" time="81.925" errors="0">
  <testcase name="testCase_01" time="81.925" classname="EmailMarketingPage_Tests.EmailMarketingTest"/>
</testsuite> <!-- EmailMarketingPage_Tests.EmailMarketingTest -->
