<?xml version="1.0" encoding="UTF-8"?>
<!-- Generated by org.testng.reporters.JUnitReportReporter -->
<testsuite hostname="MININT-7U4V23F" name="MarketPlace_Tests.MarketplaceTicketsTest" tests="1" failures="0" timestamp="2 Nov 2018 05:36:48 GMT" time="128.596" errors="0">
  <testcase name="testCase_72" time="128.596" classname="MarketPlace_Tests.MarketplaceTicketsTest"/>
</testsuite> <!-- MarketPlace_Tests.MarketplaceTicketsTest -->
