<?xml version="1.0" encoding="UTF-8"?>
<!-- Generated by org.testng.reporters.JUnitReportReporter -->
<testsuite hostname="MININT-7U4V23F" name="MarketPlace_Tests.MarketplaceHotelsTest" tests="1" failures="0" timestamp="23 Dec 2019 05:40:39 GMT" time="81.272" errors="0">
  <testcase name="MarketPlaceHotel" time="81.272" classname="MarketPlace_Tests.MarketplaceHotelsTest"/>
</testsuite> <!-- MarketPlace_Tests.MarketplaceHotelsTest -->
