<?xml version="1.0" encoding="UTF-8"?>
<!-- Generated by org.testng.reporters.JUnitReportReporter -->
<testsuite hostname="DESKTOP-1C72A8H" name="TriviaPage_Tests.TriviaTestCases" tests="9" failures="0" timestamp="23 Apr 2019 12:08:55 GMT" time="978.492" errors="0">
  <testcase name="TestCase_206_Trivia_CheckBoxQuestionPage_SaveAsDraft" time="100.760" classname="TriviaPage_Tests.TriviaTestCases"/>
  <testcase name="TestCase_201_Trivia_CheckBox_QuestionType_SingleWinnerReward_Publish" time="124.552" classname="TriviaPage_Tests.TriviaTestCases"/>
  <testcase name="TestCase_205_Trivia_Radiobutton_QuestionType_SingleWinnerReward_Publish" time="107.097" classname="TriviaPage_Tests.TriviaTestCases"/>
  <testcase name="TestCase_211_Trivia_CheckBoxQuestion_Rewards_SkipAndPublish" time="107.395" classname="TriviaPage_Tests.TriviaTestCases"/>
  <testcase name="TestCase_204_Trivia_MultipleSelectDropdown_QuestionType_SingleWinnerReward_Publish" time="107.621" classname="TriviaPage_Tests.TriviaTestCases"/>
  <testcase name="TestCase_202_Trivia_Dropdown_QuestionType_SingleWinnerReward_Publish" time="117.364" classname="TriviaPage_Tests.TriviaTestCases"/>
  <testcase name="TestCase_210_Trivia_CheckBoxQuestion_Rewards_SaveAndPublish" time="107.284" classname="TriviaPage_Tests.TriviaTestCases"/>
  <testcase name="TestCase_207_Trivia_CheckBoxQuestion_QuestionPage_SaveAndPublish" time="101.034" classname="TriviaPage_Tests.TriviaTestCases"/>
  <testcase name="TestCase_209_Trivia_CheckBoxQuestion_PreviewAndCustomize_SkipAndPublish" time="105.385" classname="TriviaPage_Tests.TriviaTestCases"/>
</testsuite> <!-- TriviaPage_Tests.TriviaTestCases -->
