<?xml version="1.0" encoding="UTF-8"?>
<!-- Generated by org.testng.reporters.JUnitReportReporter -->
<testsuite hostname="DESKTOP-8HQV0EC" failures="0" tests="1" name="HomePage_Tests.LoginTest" time="38.142" errors="0" timestamp="2021-02-09T17:40:22 IST" skipped="0">
  <testcase classname="HomePage_Tests.LoginTest" name="testCase_01" time="38.142"/>
  <system-out/>
</testsuite> <!-- HomePage_Tests.LoginTest -->
