<?xml version="1.0" encoding="UTF-8"?>
<!-- Generated by org.testng.reporters.JUnitReportReporter -->
<testsuite hostname="DESKTOP-8HQV0EC" failures="0" tests="1" name="HomePage_Tests.ExtendedReports" time="0.018" errors="0" timestamp="2021-01-29T12:46:15 IST" skipped="1">
  <testcase classname="HomePage_Tests.ExtendedReports" name="skipTest" time="0.018">
    <skipped/>
  </testcase> <!-- skipTest -->
</testsuite> <!-- HomePage_Tests.ExtendedReports -->
