<?xml version="1.0" encoding="UTF-8"?>
<!-- Generated by org.testng.reporters.JUnitReportReporter -->
<testsuite hostname="MININT-7U4V23F" name="SurveyPage_Tests.CreateSurveyTest" tests="1" failures="0" timestamp="17 Oct 2018 06:49:24 GMT" time="80.036" errors="0">
  <testcase name="testCase_01" time="80.036" classname="SurveyPage_Tests.CreateSurveyTest"/>
</testsuite> <!-- SurveyPage_Tests.CreateSurveyTest -->
